{"level":"info","message":"10:01 WIB | 200 | 76.373µs | GET | /"}
{"level":"info","message":"10:01 WIB | 500 | 831.51µs | GET | /example/"}
{"level":"info","message":"10:17 WIB | 200 | 1.266862ms | GET | /example/"}
{"level":"info","message":"10:19 WIB | 404 | 67.611µs | POST | /example"}
{"level":"info","message":"10:19 WIB | 404 | 66.776µs | POST | /example"}
{"level":"info","message":"10:19 WIB | 404 | 29.948µs | POST | /example"}
{"level":"info","message":"10:20 WIB | 201 | 11.573354ms | POST | /example/"}
{"level":"info","message":"10:20 WIB | 409 | 692.325µs | POST | /example/"}
{"level":"info","message":"10:20 WIB | 201 | 4.300611ms | POST | /example/"}
{"level":"info","message":"10:20 WIB | 201 | 10.729831ms | POST | /example/"}
{"level":"info","message":"10:20 WIB | 400 | 165.148µs | POST | /example/"}
{"level":"info","message":"10:20 WIB | 400 | 164.958µs | POST | /example/"}
{"level":"info","message":"10:21 WIB | 409 | 763.97µs | POST | /example/"}
{"level":"info","message":"10:21 WIB | 201 | 10.961145ms | POST | /example/"}
{"level":"info","message":"10:21 WIB | 200 | 1.108408ms | GET | /example/"}
{"level":"info","message":"10:21 WIB | 500 | 463.543µs | GET | /example/"}
{"level":"info","message":"10:21 WIB | 500 | 276.913µs | GET | /example/"}
{"level":"info","message":"10:22 WIB | 200 | 1.149891ms | GET | /example/"}
{"level":"info","message":"10:22 WIB | 500 | 439.38µs | GET | /example/d566389b-5fb9-46aa-8afc-7b4005d7d9c3"}
{"level":"info","message":"10:22 WIB | 200 | 637.451µs | GET | /example/d566389b-5fb9-46aa-8afc-7b4005d7d9c3"}
{"level":"info","message":"10:29 WIB | 200 | 1.073221ms | GET | /example/"}
{"level":"info","message":"10:30 WIB | 200 | 1.381851ms | GET | /example/"}
{"level":"info","message":"10:30 WIB | 200 | 600.415µs | GET | /example/d566389b-5fb9-46aa-8afc-7b4005d7d9c3"}
{"level":"info","message":"10:30 WIB | 201 | 10.977068ms | PATCH | /example/d566389b-5fb9-46aa-8afc-7b4005d7d9c3"}
{"level":"info","message":"10:30 WIB | 200 | 468.618µs | GET | /example/d566389b-5fb9-46aa-8afc-7b4005d7d9c3"}
{"level":"info","message":"10:30 WIB | 200 | 426.247µs | GET | /example/d566389b-5fb9-46aa-8afc-7b4005d7d9c3"}
{"level":"info","message":"10:31 WIB | 200 | 1.384243ms | GET | /example/"}
{"level":"info","message":"10:31 WIB | 200 | 214.351µs | PATCH | /example/d566389b-5fb9-46aa-8afc-7b4005d7d9c3"}
{"level":"info","message":"10:32 WIB | 200 | 513.352µs | PATCH | /example/d566389b-5fb9-46aa-8afc-7b4005d7d9c3"}
{"level":"info","message":"10:33 WIB | 200 | 212.075µs | PATCH | /example/d566389b-5fb9-46aa-8afc-7b4005d7d9c3"}
{"level":"info","message":"10:33 WIB | 200 | 1.126391ms | GET | /example/"}
{"level":"info","message":"10:34 WIB | 200 | 212.824µs | PATCH | /example/d566389b-5fb9-46aa-8afc-7b4005d7d9c3"}
{"level":"info","message":"10:34 WIB | 200 | 228.687µs | PATCH | /example/d566389b-5fb9-46aa-8afc-7b4005d7d9c3"}
{"level":"info","message":"10:34 WIB | 200 | 142.502µs | PATCH | /example/d566389b-5fb9-46aa-8afc-7b4005d7d9c3"}
{"level":"info","message":"10:34 WIB | 200 | 130.687µs | PATCH | /example/d566389b-5fb9-46aa-8afc-7b4005d7d9c3"}
{"level":"info","message":"10:35 WIB | 201 | 220.736µs | PATCH | /example/d566389b-5fb9-46aa-8afc-7b4005d7d9c3"}
{"level":"info","message":"10:36 WIB | 400 | 310.829µs | PATCH | /example/d566389b-5fb9-46aa-8afc-7b4005d7d9c3"}
{"level":"info","message":"10:36 WIB | 409 | 1.172813ms | PATCH | /example/d566389b-5fb9-46aa-8afc-7b4005d7d9c3"}
{"level":"info","message":"10:36 WIB | 200 | 10.869011ms | PATCH | /example/d566389b-5fb9-46aa-8afc-7b4005d7d9c3"}
{"level":"info","message":"10:36 WIB | 200 | 771.114µs | GET | /example/d566389b-5fb9-46aa-8afc-7b4005d7d9c3"}
{"level":"info","message":"10:36 WIB | 200 | 10.812436ms | PATCH | /example/d566389b-5fb9-46aa-8afc-7b4005d7d9c3"}
{"level":"info","message":"10:36 WIB | 200 | 404.203µs | GET | /example/d566389b-5fb9-46aa-8afc-7b4005d7d9c3"}
{"level":"info","message":"10:37 WIB | 200 | 10.879616ms | PUT | /example/d566389b-5fb9-46aa-8afc-7b4005d7d9c3"}
{"level":"info","message":"10:37 WIB | 200 | 505.52µs | GET | /example/d566389b-5fb9-46aa-8afc-7b4005d7d9c3"}
{"level":"info","message":"10:38 WIB | 500 | 457.833µs | DELETE | /example/d566389b-5fb9-46aa-8afc-7b4005d7d9c3"}
{"level":"info","message":"10:38 WIB | 200 | 10.664155ms | DELETE | /example/d566389b-5fb9-46aa-8afc-7b4005d7d9c3"}
{"level":"info","message":"10:39 WIB | 400 | 623.308µs | DELETE | /example/d566389b-5fb9-46aa-8afc-7b4005d7d9c3"}
{"level":"info","message":"10:42 WIB | 200 | 1.0267ms | GET | /example/"}
